<?xml version="1.0" encoding="UTF-8"?>
<!-- Generated by org.testng.reporters.JUnitReportReporter -->
<testsuite hostname="LAPTOP-0ET713J3" failures="0" tests="3" name="com.neotech.test.LoginTest" time="23.479" errors="0" timestamp="2022-06-07T21:55:22 EDT" skipped="0">
  <testcase classname="com.neotech.test.LoginTest" name="emtyPasswordLogIn" time="6.110"/>
  <system-out/>
  <testcase classname="com.neotech.test.LoginTest" name="invalidPasswordLogin" time="8.407"/>
  <system-out/>
  <testcase classname="com.neotech.test.LoginTest" name="validLogin" time="8.962"/>
  <system-out/>
</testsuite> <!-- com.neotech.test.LoginTest -->
