<?xml version="1.0" encoding="UTF-8"?>
<!-- Generated by org.testng.reporters.JUnitReportReporter -->
<testsuite hostname="LAPTOP-0ET713J3" failures="0" tests="3" name="com.neotech.lesson01.TestNGDemo" time="0.014" errors="0" timestamp="2022-05-30T22:52:49 EDT" skipped="0">
  <testcase classname="com.neotech.lesson01.TestNGDemo" name="testTwo" time="0.001"/>
  <system-out/>
  <testcase classname="com.neotech.lesson01.TestNGDemo" name="testThree" time="0.001"/>
  <system-out/>
  <testcase classname="com.neotech.lesson01.TestNGDemo" name="testOne" time="0.012"/>
  <system-out/>
</testsuite> <!-- com.neotech.lesson01.TestNGDemo -->
