<?xml version="1.0" encoding="UTF-8"?>
<!-- Generated by org.testng.reporters.JUnitReportReporter -->
<testsuite hostname="LAPTOP-0ET713J3" failures="0" tests="3" name="com.neotech.lesson01.TestNGAnnotations" time="0.006" errors="0" timestamp="2022-05-30T23:49:23 EDT" skipped="0">
  <testcase classname="com.neotech.lesson01.TestNGAnnotations" name="test3" time="0.001"/>
  <system-out/>
  <testcase classname="com.neotech.lesson01.TestNGAnnotations" name="test2" time="0.002"/>
  <system-out/>
  <testcase classname="com.neotech.lesson01.TestNGAnnotations" name="test1" time="0.003"/>
  <system-out/>
</testsuite> <!-- com.neotech.lesson01.TestNGAnnotations -->
