<?xml version="1.0" encoding="UTF-8"?>
<!-- Generated by org.testng.reporters.JUnitReportReporter -->
<testsuite hostname="LAPTOP-0ET713J3" failures="0" tests="5" name="com.neotech.lesson03.HomeWork1" time="0.009" errors="0" timestamp="2022-06-01T18:16:39 EDT" skipped="1">
  <testcase classname="com.neotech.lesson03.HomeWork1" name="fourthMethod" time="0.006"/>
  <system-out/>
  <testcase classname="com.neotech.lesson03.HomeWork1" name="thirdMethod" time="0.001"/>
  <system-out/>
  <testcase classname="com.neotech.lesson03.HomeWork1" name="secondMethod" time="0.001"/>
  <system-out/>
  <testcase classname="com.neotech.lesson03.HomeWork1" name="firstMethod" time="0.001"/>
  <system-out/>
  <testcase classname="com.neotech.lesson03.HomeWork1" name="firstMethod1">
    <skipped/>
  </testcase> <!-- firstMethod1 -->
  <system-out/>
</testsuite> <!-- com.neotech.lesson03.HomeWork1 -->
