<?xml version="1.0" encoding="UTF-8"?>
<!-- Generated by org.testng.reporters.JUnitReportReporter -->
<testsuite hostname="LAPTOP-0ET713J3" failures="0" tests="1" name="com.neotech.lesson01.H1" time="5.897" errors="0" timestamp="2022-06-02T19:25:58 EDT" skipped="0">
  <testcase classname="com.neotech.lesson01.H1" name="LoginTest" time="5.897"/>
  <system-out/>
</testsuite> <!-- com.neotech.lesson01.H1 -->
