<?xml version="1.0" encoding="UTF-8"?>
<!-- Generated by org.testng.reporters.JUnitReportReporter -->
<testsuite hostname="LAPTOP-0ET713J3" failures="0" tests="2" name="com.neotech.lesson01.MoreTestNGAnnomations" time="0.053" errors="0" timestamp="2022-05-31T21:31:43 EDT" skipped="0">
  <testcase classname="com.neotech.lesson01.MoreTestNGAnnomations" name="test2" time="0.024"/>
  <system-out/>
  <testcase classname="com.neotech.lesson01.MoreTestNGAnnomations" name="test1" time="0.029"/>
  <system-out/>
</testsuite> <!-- com.neotech.lesson01.MoreTestNGAnnomations -->
