<?xml version="1.0" encoding="UTF-8"?>
<!-- Generated by org.testng.reporters.JUnitReportReporter -->
<testsuite hostname="LAPTOP-0ET713J3" failures="0" tests="1" name="com.neotech.testcases.LoginTest" time="12.103" errors="0" timestamp="2022-06-09T12:45:25 EDT" skipped="0">
  <testcase classname="com.neotech.testcases.LoginTest" name="validLogin" time="12.103"/>
  <system-out/>
</testsuite> <!-- com.neotech.testcases.LoginTest -->
