<?xml version="1.0" encoding="UTF-8"?>
<!-- Generated by org.testng.reporters.JUnitReportReporter -->
<testsuite hostname="LAPTOP-0ET713J3" failures="0" tests="1" name="com.neotech.testcases.AddEmployeeTest" time="8.131" errors="0" timestamp="2022-06-09T20:23:40 EDT" skipped="0">
  <testcase classname="com.neotech.testcases.AddEmployeeTest" name="AddEmployee" time="8.131"/>
  <system-out/>
</testsuite> <!-- com.neotech.testcases.AddEmployeeTest -->
